<Rpt cols="53,82,71,76,80">
	<Params />
	<Data>
		<Tbl name="个人成绩" isscritp="True" cols="xm,year,subject,score" />
	</Data>
	<Page />
	<Header />
	<Body rows="25,33,25">
		<Matrix col="1" rowspan="3" colspan="4" tbl="个人成绩" repeatcolheader="True" rowsort="xm,year">
			<Corner>
				<Text col="1" colspan="2" val="姓名\成绩" background="#FFE0E0E0" horalign="Center" />
			</Corner>
			<RowHeader>
				<Level field="xm">
					<Text row="1" col="1" rowspan="2" val=":Val(个人成绩,xm)" hidetopdup="True" background="#FFE0E0E0" horalign="Center" />
				</Level>
				<Level field="year">
					<Text row="2" col="2" val=":Val(个人成绩,year)" background="#FFE0E0E0" horalign="Center" />
					<Subtotal>
						<Text row="1" col="2" val="小计" background="#FF9ACCFF" horalign="Center" />
					</Subtotal>
				</Level>
			</RowHeader>
			<ColHeader>
				<Level field="subject">
					<Text col="3" val=":Val(个人成绩,subject)" background="#FFE0E0E0" horalign="Center" />
					<Subtotal beforelevel="0">
						<Text col="4" val="总计" background="#FF9ACCFF" horalign="Center" />
					</Subtotal>
				</Level>
			</ColHeader>
			<MRow>
				<Text row="1" col="3" val=":Sum(个人成绩,score)" />
				<Text row="1" col="4" val=":Sum(个人成绩,score)" />
			</MRow>
			<MRow>
				<Text row="2" col="3" val=":Val(个人成绩,score)" />
				<Text row="2" col="4" val=":Sum(个人成绩,score)" />
			</MRow>
		</Matrix>
	</Body>
	<Footer />
	<View script="DataRptScript" />
</Rpt>