<Rpt cols="80,80,80,80,80,80,80,80">
	<Params />
	<Data>
		<Tbl name="图表表格" isscritp="True" cols="xm,score" />
	</Data>
	<Page />
	<Header />
	<Body rows="25,25,25,25,25,25,25,25,25,25,25,25,25,25,25,25,25,25,25,25">
		<Chart row="2" col="1" rowspan="13" colspan="7" showlegend="False" title="数学成绩一览表" titley="成绩" tbl="图表表格" fieldx="xm" fieldy="score" />
		<Table row="18" col="3" rowspan="2" colspan="2" tbl="图表表格">
			<TColHeader>
				<TRow>
					<Text row="18" col="3" val="姓名" background="#FFE0E0E0" horalign="Center" />
					<Text row="18" col="4" val="成绩" background="#FFE0E0E0" horalign="Center" />
				</TRow>
			</TColHeader>
			<TBody>
				<TRow>
					<Text row="19" col="3" val=":Val(图表表格,xm)" />
					<Text row="19" col="4" val=":Val(图表表格,score)" />
				</TRow>
			</TBody>
		</Table>
	</Body>
	<Footer />
	<View script="DataRptScript" />
</Rpt>