<Rpt cols="153,80,80,80,80">
	<Params />
	<Data>
		<Tbl name="网损情况" isscritp="True" cols="year,month,unit,val" />
	</Data>
	<Page />
	<Header />
	<Body rows="25,25">
		<Table col="1" rowspan="2" colspan="4" tbl="网损情况" minrowcount="35">
			<TColHeader>
				<TRow>
					<Text col="1" val="年度" background="#FFE0E0E0" horalign="Center" />
					<Text col="2" val="月份" background="#FFE0E0E0" horalign="Center" />
					<Text col="3" val="单位" background="#FFE0E0E0" horalign="Center" />
					<Text col="4" val="值" background="#FFE0E0E0" horalign="Center" />
				</TRow>
			</TColHeader>
			<TBody>
				<TRow>
					<Text row="1" col="1" val=":Val(网损情况,year)" />
					<Text row="1" col="2" val=":Val(网损情况,month)" />
					<Text row="1" col="3" val=":Val(网损情况,unit)" />
					<Text row="1" col="4" val=":Val(网损情况,val)" />
				</TRow>
			</TBody>
		</Table>
	</Body>
	<Footer />
	<View script="DataRptScript" />
</Rpt>