<Rpt cols="157,80,80,80,80">
	<Params />
	<Data>
		<Tbl name="个人成绩_矩阵标题" isscritp="True" cols="xm,year,数学,语文,英语" />
	</Data>
	<Page />
	<Header />
	<Body rows="25,25,25">
		<Matrix col="1" rowspan="3" colspan="4" tbl="个人成绩_矩阵标题" repeatcolheader="True">
			<Corner>
				<Text col="1" rowspan="2" val="矩阵角" background="#FFE0E0E0" horalign="Center" />
			</Corner>
			<RowHeader>
				<Level field="xm">
					<Text row="2" col="1" val=":Val(个人成绩_矩阵标题,xm)" background="#FFE0E0E0" horalign="Center" />
				</Level>
			</RowHeader>
			<ColHeader>
				<Level field="year">
					<Text col="2" val=":Val(个人成绩_矩阵标题,year)" hideleftdup="True" background="#FFE0E0E0" horalign="Center" />
					<Subtitle>
						<Text row="1" col="2" val="数学" background="#FFE0E0E0" horalign="Center" />
					</Subtitle>
					<Subtitle>
						<Text row="1" col="3" val="语文" background="#FFE0E0E0" horalign="Center" />
					</Subtitle>
					<Subtitle>
						<Text row="1" col="4" val="英语" background="#FFE0E0E0" horalign="Center" />
					</Subtitle>
				</Level>
			</ColHeader>
			<MRow>
				<Text row="2" col="2" val=":Val(个人成绩_矩阵标题,数学)" />
				<Text row="2" col="3" val=":Val(个人成绩_矩阵标题,语文)" />
				<Text row="2" col="4" val=":Val(个人成绩_矩阵标题,英语)" />
			</MRow>
		</Matrix>
	</Body>
	<Footer />
	<View script="DataRptScript" />
</Rpt>