<Rpt cols="80,80,80,80">
  <Params />
  <Data>
    <Tbl name="通讯录" isscritp="True" cols="bm,xm,fjh" />
  </Data>
  <Page width="900" />
  <Header />
  <Body rows="25,25,25">
    <Table row="1" col="1" rowspan="2" colspan="3" tbl="通讯录" rowbreakcount="10" colbreakcount="3">
      <TColHeader>
        <TRow>
          <Text row="1" col="1" background="#FFE0E0E0" val="部门" />
		  <Text row="1" col="2" background="#FFE0E0E0" val="姓名" />
		  <Text row="1" col="3" background="#FFE0E0E0" val="分机号" />
        </TRow>
      </TColHeader>
      <TBody>
        <TRow>
          <Text row="2" col="1" val=":Val(通讯录,bm)" />
          <Text row="2" col="2" val=":Val(通讯录,xm)" />
          <Text row="2" col="3" val=":Val(通讯录,fjh)" />
        </TRow>
      </TBody>
    </Table>
  </Body>
  <Footer />
  <View script="DataRptScript" />
</Rpt>