<Rpt cols="115,112,105,117,80">
	<Params />
	<Data>
		<Tbl name="个人成绩" isscritp="True" cols="xm,year,subject,score" />
	</Data>
	<Page />
	<Header />
	<Body rows="25,25,25,30,30">
		<Table col="1" rowspan="5" colspan="4" tbl="个人成绩">
			<TColHeader>
				<TRow>
					<Text col="1" val="学期" background="#FFE0E0E0" horalign="Center" />
					<Text col="2" val="课程" background="#FFE0E0E0" horalign="Center" />
					<Text col="3" val="姓名" background="#FFE0E0E0" horalign="Center" />
					<Text col="4" val="成绩" background="#FFE0E0E0" horalign="Center" />
				</TRow>
			</TColHeader>
			<TBody>
				<TRow>
					<Text row="3" col="1" val=":Val(个人成绩,year)" hidetopdup="True" horalign="Center" />
					<Text row="3" col="2" val=":Val(个人成绩,subject)" hidetopdup="True" horalign="Center" />
					<Text row="3" col="3" val=":Val(个人成绩,xm)" />
					<Text row="3" col="4" val=":Val(个人成绩,score)" />
				</TRow>
			</TBody>
			<TFooter>
				<TRow>
					<Text row="4" col="1" val="学期" background="#FFE0E0E0" horalign="Center" />
					<Text row="4" col="2" val="课程" background="#FFE0E0E0" horalign="Center" />
					<Text row="4" col="3" val="姓名" background="#FFE0E0E0" horalign="Center" />
					<Text row="4" col="4" val="成绩" background="#FFE0E0E0" horalign="Center" />
				</TRow>
			</TFooter>
			<TGroup field="year">
				<TRow>
					<Text row="1" col="1" colspan="4" val=":Group(个人成绩,year)&#xD;&#xA;|| 年度总分：&#xD;&#xA;|| :Sum(个人成绩,score)" background="#FFE0E0E0" horalign="Center" />
				</TRow>
			</TGroup>
			<TGroup field="subject">
				<TRow>
					<Text row="2" col="1" val=":Group(个人成绩,year)" hidetopdup="True" background="#00000000" horalign="Center" />
					<Text row="2" col="2" colspan="3" val=":Group(个人成绩,subject)&#xD;&#xA;|| 平均：&#xD;&#xA;|| :Avg(个人成绩,score)" background="#FFE0E0E0" horalign="Center" />
				</TRow>
			</TGroup>
		</Table>
	</Body>
	<Footer />
	<View script="DataRptScript" showselectionmenu="True" />
</Rpt>